<?xml version="1.0" encoding="UTF-8"?>
<testsuite name="com.freeletics.flow.testovertime.FlowEmissionHistoryTest" tests="5" skipped="0" failures="0" errors="0" timestamp="2019-10-24T21:20:54" hostname="Mac-Pro-M-059" time="0.275">
  <properties/>
  <testcase name="timeout throws exception" classname="com.freeletics.flow.testovertime.FlowEmissionHistoryTest" time="0.257"/>
  <testcase name="on shouldEmitNoMoreValues throws exception on unchecked items left" classname="com.freeletics.flow.testovertime.FlowEmissionHistoryTest" time="0.015"/>
  <testcase name="shouldNotHaveEmittedSinceLastCheck works even without any emission" classname="com.freeletics.flow.testovertime.FlowEmissionHistoryTest" time="0.0"/>
  <testcase name="emissions recorded and checked" classname="com.freeletics.flow.testovertime.FlowEmissionHistoryTest" time="0.002"/>
  <testcase name="once disposeAndCleanUp has been called shouldNotHaveEmittedSinceLastCheck throws exception" classname="com.freeletics.flow.testovertime.FlowEmissionHistoryTest" time="0.001"/>
  <system-out><![CDATA[]]></system-out>
  <system-err><![CDATA[]]></system-err>
</testsuite>
